  -- Solve :
          min -0.132635  max 0.0381986
  -- Solve :
          min -0.00924391  max 1.33104
  -- Solve :
          min -0.00924411  max 1.33104
  -- Solve :
          min -0.00924532  max 1.33104
  -- Solve :
          min -0.00924701  max 1.33105
  -- Solve :
          min -0.00924892  max 1.33105
  -- Solve :
          min -0.00925091  max 1.33105
  -- Solve :
          min -0.00925293  max 1.33105
  -- Solve :
          min -0.00925495  max 1.33105
  -- Solve :
          min -0.00925695  max 1.33105
  -- Solve :
          min -0.00925893  max 1.33105
iter =251;comp=1.76291e+06;vol =: 1.94046___________
times: compile 0.187s, execution 867.669s,  mpirank:0
 ######## We forget of deleting   131458 Nb pointer,   0Bytes  ,  mpirank 0, memory leak =0
 CodeAlloc : nb ptr  7951,  size :681496 mpirank: 0
Ok: Normal End
 try getConsole C:\Users\user\Desktop\∑«œﬂ–‘µØ–‘”≈ªØ\”≈ªØÀ„∑®\Exp3\different loads\largeLoad\PhaseField_NonlinearElastic†=_DSSI.edp
