  .Linfty residual=6.69841e-09
  -- Solve :
          min -0.00132715  max 0.000322908
  -- Solve :
          min -0.0031641  max 1.0899
  -- Solve :
          min -0.00316275  max 1.0899
  -- Solve :
          min -0.00316152  max 1.0899
  -- Solve :
          min -0.00316029  max 1.0899
  -- Solve :
          min -0.00315911  max 1.0899
  -- Solve :
          min -0.00315798  max 1.0899
  -- Solve :
          min -0.00315649  max 1.0899
  -- Solve :
          min -0.00315505  max 1.0899
  -- Solve :
          min -0.00315369  max 1.0899
  -- Solve :
          min -0.0031524  max 1.0899
iter =151;comp=197.386;vol =: 1.94026___________
times: compile 0.126s, execution 665.032s,  mpirank:0
 ######## We forget of deleting   67788 Nb pointer,   0Bytes  ,  mpirank 0, memory leak =0
 CodeAlloc : nb ptr  6524,  size :641960 mpirank: 0
Ok: Normal End
 try getConsole C:\Users\user\Desktop\非线性弹性优化\优化算法\Exp3\PhaseField_NonlinearElastic_DSSI.edp
